==========================================
SLURM_JOB_ID = 10719011
SLURM_SUBMIT_DIR = /home/yuweizhou/BerF_inventory/b32_theta1.5
SLURM_JOB_NODELIST = mcn60
==========================================
Job ID: 10719011
Job User: yuweizhou
Num Cores: 1
Sun Jul 23 12:24:14 CDT 2023
/home/yuweizhou/BerF_inventory/b32_theta1.5
0.5798
48318.0	1.00000
50984.0	1.00000
53035.0	1.00000
42796.0	1.00000
41912.0	1.00000
50827.0	1.00000
50679.0	1.00000
39178.0	1.00000
47957.0	1.00000
49344.0	1.00000
50341.0	1.00000
49830.0	1.00000
54164.0	1.00000
52097.0	1.00000
50303.0	1.00000
49156.0	1.00000
51575.0	1.00000
45850.0	1.00000
52944.0	1.00000
46543.0	1.00000
52421.0	1.00000
47323.0	1.00000
51926.0	1.00000
46081.0	1.00000
46587.0	1.00000
47280.0	1.00000
36910.0	1.00000
46734.0	1.00000
48889.0	1.00000
43376.0	1.00000
50153.0	1.00000
49629.0	1.00000
45435.0	1.00000
47288.0	1.00000
55819.0	1.00000
41813.0	1.00000
44027.0	1.00000
53225.0	1.00000
40829.0	1.00000
41089.0	1.00000
44661.0	1.00000
48659.0	1.00000
45310.0	1.00000
49159.0	1.00000
52682.0	1.00000
45948.0	1.00000
51907.0	1.00000
52084.0	1.00000
47320.0	1.00000
46788.0	1.00000
49248.0	1.00000
54746.0	1.00000
47384.0	1.00000
46640.0	1.00000
46633.0	1.00000
40587.0	1.00000
47580.0	1.00000
48349.0	1.00000
41257.0	1.00000
57263.0	1.00000
47997.0	1.00000
46789.0	1.00000
46561.0	1.00000
46555.0	1.00000
48528.0	1.00000
45632.0	1.00000
46631.0	1.00000
47440.0	1.00000
51880.0	1.00000
46824.0	1.00000
50599.0	1.00000
55396.0	1.00000
44717.0	1.00000
48968.0	1.00000
52240.0	1.00000
53347.0	1.00000
54727.0	1.00000
42447.0	1.00000
43872.0	1.00000
47019.0	1.00000
52743.0	1.00000
47073.0	1.00000
42409.0	1.00000
43717.0	1.00000
50506.0	1.00000
47301.0	1.00000
46308.0	1.00000
44996.0	1.00000
48415.0	1.00000
47311.0	1.00000
45824.0	1.00000
45008.0	1.00000
53247.0	1.00000
53485.0	1.00000
51244.0	1.00000
49275.0	1.00000
48797.0	1.00000
41210.0	1.00000
49467.0	1.00000
43238.0	1.00000
40498.0	1.00000
47170.0	1.00000
42098.0	1.00000
50609.0	1.00000
47491.0	1.00000
53084.0	1.00000
49293.0	1.00000
47725.0	1.00000
47339.0	1.00000
53174.0	1.00000
53160.0	1.00000
49302.0	1.00000
43388.0	1.00000
41098.0	1.00000
46808.0	1.00000
46975.0	1.00000
45550.0	1.00000
48757.0	0.00000
51672.0	1.00000
46448.0	1.00000
48199.0	1.00000
45061.0	1.00000
42592.0	1.00000
51170.0	1.00000
38883.0	1.00000
49562.0	1.00000
39978.0	1.00000
44282.0	1.00000
53942.0	1.00000
46041.0	1.00000
49405.0	1.00000
46844.0	1.00000
51065.0	1.00000
51147.0	1.00000
48863.0	1.00000
39450.0	1.00000
43005.0	1.00000
53681.0	1.00000
46687.0	1.00000
48251.0	1.00000
42677.0	1.00000
42720.0	1.00000
55059.0	1.00000
47281.0	1.00000
58339.0	1.00000
57634.0	1.00000
53412.0	1.00000
49791.0	1.00000
41769.0	1.00000
54619.0	1.00000
46164.0	1.00000
53479.0	1.00000
43553.0	1.00000
35810.0	1.00000
52318.0	1.00000
50272.0	1.00000
49818.0	1.00000
53623.0	1.00000
50215.0	1.00000
45225.0	1.00000
54819.0	1.00000
46988.0	1.00000
43781.0	1.00000
39759.0	1.00000
47988.0	1.00000
42572.0	1.00000
51492.0	1.00000
46889.0	1.00000
50395.0	1.00000
44284.0	1.00000
42929.0	1.00000
43489.0	1.00000
55831.0	1.00000
46487.0	1.00000
47991.0	1.00000
50431.0	1.00000
46840.0	1.00000
48545.0	1.00000
43326.0	1.00000
43211.0	1.00000
53497.0	1.00000
48736.0	1.00000
40877.0	1.00000
52516.0	1.00000
51851.0	1.00000
44468.0	1.00000
50582.0	1.00000
47979.0	1.00000
43535.0	1.00000
40744.0	1.00000
48865.0	1.00000
54933.0	1.00000
49475.0	1.00000
44236.0	1.00000
49981.0	1.00000
41328.0	1.00000
48482.0	1.00000
49326.0	1.00000
48567.0	1.00000
46899.0	1.00000
47309.0	1.00000
42215.0	1.00000
40711.0	1.00000
44979.0	1.00000
45486.0	1.00000
54476.0	1.00000
46338.0	1.00000
47799.0	1.00000
53976.0	1.00000
43082.0	1.00000
42079.0	1.00000
52949.0	1.00000
51228.0	1.00000
51910.0	1.00000
39465.0	1.00000
43673.0	1.00000
48496.0	1.00000
51464.0	1.00000
50449.0	1.00000
65337.0	1.00000
51928.0	1.00000
54087.0	1.00000
45992.0	1.00000
47131.0	1.00000
52087.0	1.00000
45778.0	1.00000
47802.0	1.00000
48279.0	1.00000
48906.0	1.00000
47824.0	1.00000
47491.0	1.00000
42956.0	1.00000
46549.0	1.00000
54326.0	1.00000
49510.0	1.00000
45419.0	1.00000
58078.0	1.00000
45388.0	1.00000
49077.0	1.00000
45363.0	1.00000
60284.0	1.00000
46855.0	1.00000
45199.0	1.00000
41245.0	1.00000
54392.0	1.00000
47760.0	1.00000
43031.0	1.00000
43479.0	1.00000
46316.0	1.00000
41757.0	1.00000
52074.0	1.00000
48061.0	1.00000
46532.0	1.00000
53785.0	1.00000
51414.0	1.00000
42070.0	1.00000
44828.0	1.00000
48597.0	1.00000
54636.0	1.00000
52665.0	1.00000
48348.0	1.00000
45659.0	1.00000
45703.0	1.00000
44487.0	1.00000
51202.0	1.00000
48044.0	1.00000
46926.0	1.00000
44499.0	1.00000
39283.0	1.00000
44490.0	1.00000
41721.0	1.00000
45295.0	1.00000
50188.0	1.00000
47671.0	1.00000
44889.0	1.00000
45704.0	1.00000
44604.0	1.00000
45013.0	1.00000
46610.0	1.00000
46756.0	1.00000
46754.0	1.00000
43516.0	1.00000
46259.0	1.00000
42897.0	1.00000
46972.0	1.00000
48699.0	1.00000
48424.0	1.00000
47695.0	1.00000
41182.0	1.00000
60991.0	1.00000
53226.0	1.00000
45062.0	1.00000
49293.0	1.00000
46596.0	1.00000
47130.0	1.00000
49814.0	1.00000
45363.0	1.00000
54116.0	1.00000
40092.0	1.00000
52935.0	1.00000
51370.0	1.00000
49870.0	1.00000
47417.0	1.00000
50773.0	1.00000
49667.0	1.00000
50488.0	0.00000
53132.0	1.00000
49638.0	1.00000
53623.0	1.00000
52539.0	1.00000
49815.0	1.00000
50049.0	1.00000
37257.0	1.00000
49296.0	1.00000
49040.0	1.00000
44865.0	1.00000
40528.0	1.00000
42338.0	1.00000
46597.0	1.00000
43972.0	1.00000
42287.0	1.00000
49175.0	1.00000
48673.0	1.00000
45548.0	1.00000
50645.0	1.00000
49983.0	1.00000
53163.0	1.00000
42749.0	1.00000
50116.0	1.00000
42950.0	1.00000
48563.0	1.00000
47753.0	1.00000
49973.0	1.00000
45444.0	1.00000
47576.0	1.00000
40668.0	1.00000
52630.0	1.00000
45972.0	1.00000
46496.0	1.00000
43504.0	1.00000
44227.0	1.00000
47512.0	1.00000
47705.0	1.00000
45107.0	1.00000
45529.0	1.00000
48932.0	1.00000
47900.0	1.00000
45635.0	1.00000
41276.0	1.00000
50696.0	1.00000
52286.0	1.00000
49200.0	1.00000
40483.0	1.00000
50576.0	1.00000
43910.0	1.00000
51061.0	1.00000
42726.0	1.00000
56071.0	1.00000
45390.0	1.00000
48169.0	1.00000
47794.0	1.00000
49532.0	1.00000
52879.0	1.00000
54388.0	1.00000
51142.0	1.00000
50108.0	1.00000
42439.0	1.00000
43084.0	1.00000
45527.0	1.00000
45973.0	1.00000
50019.0	1.00000
41402.0	1.00000
49268.0	1.00000
49505.0	1.00000
47011.0	1.00000
48514.0	1.00000
51001.0	1.00000
51969.0	1.00000
52465.0	1.00000
46755.0	1.00000
48166.0	1.00000
50007.0	1.00000
46724.0	1.00000
44400.0	1.00000
41649.0	1.00000
54233.0	1.00000
48728.0	1.00000
43515.0	1.00000
41100.0	1.00000
48523.0	1.00000
47031.0	1.00000
50957.0	1.00000
50880.0	1.00000
45047.0	1.00000
43011.0	1.00000
46840.0	1.00000
44355.0	1.00000
47064.0	1.00000
44911.0	1.00000
48244.0	1.00000
48846.0	1.00000
49901.0	1.00000
41841.0	1.00000
40536.0	1.00000
49969.0	1.00000
46341.0	1.00000
44775.0	1.00000
44713.0	1.00000
44560.0	1.00000
47265.0	1.00000
40582.0	1.00000
47314.0	1.00000
49372.0	1.00000
49859.0	1.00000
42671.0	1.00000
40933.0	1.00000
46856.0	1.00000
54221.0	1.00000
49250.0	1.00000
58915.0	1.00000
51330.0	1.00000
48580.0	1.00000
44009.0	1.00000
54439.0	1.00000
47930.0	1.00000
53494.0	1.00000
47050.0	1.00000
43966.0	1.00000
54079.0	1.00000
42574.0	1.00000
55327.0	1.00000
48373.0	1.00000
51226.0	1.00000
49744.0	1.00000
47926.0	1.00000
46164.0	1.00000
44245.0	1.00000
55669.0	1.00000
56804.0	1.00000
51081.0	1.00000
54511.0	1.00000
41805.0	1.00000
43110.0	1.00000
41791.0	1.00000
47947.0	1.00000
46038.0	1.00000
46805.0	1.00000
48544.0	1.00000
52064.0	1.00000
60385.0	1.00000
51386.0	1.00000
43996.0	1.00000
51243.0	1.00000
39958.0	1.00000
41083.0	1.00000
45528.0	1.00000
43325.0	1.00000
48819.0	1.00000
49526.0	1.00000
43844.0	1.00000
51512.0	1.00000
47923.0	1.00000
49017.0	1.00000
45153.0	1.00000
47345.0	1.00000
44105.0	1.00000
48642.0	1.00000
48254.0	1.00000
49127.0	1.00000
46164.0	1.00000
44676.0	1.00000
42249.0	1.00000
48775.0	1.00000
53816.0	1.00000
48104.0	1.00000
53295.0	1.00000
45032.0	1.00000
51759.0	1.00000
52363.0	1.00000
41460.0	1.00000
46126.0	1.00000
47094.0	1.00000
44057.0	1.00000
49491.0	1.00000
47382.0	1.00000
49595.0	1.00000
54401.0	1.00000
47925.0	1.00000
46521.0	1.00000
41176.0	1.00000
52172.0	1.00000
39284.0	1.00000
42845.0	1.00000
51637.0	1.00000
41228.0	1.00000
39194.0	1.00000
46501.0	1.00000
49147.0	1.00000
53482.0	1.00000
55282.0	1.00000
48928.0	1.00000
44565.0	1.00000
50997.0	1.00000
46322.0	1.00000
39607.0	1.00000
53782.0	1.00000
47012.0	1.00000
44236.0	1.00000
42339.0	1.00000
40807.0	1.00000
44947.0	1.00000
54167.0	1.00000
52489.0	1.00000
47792.0	1.00000
48513.0	1.00000
51949.0	1.00000
46367.0	1.00000
42043.0	1.00000
46784.0	1.00000
45773.0	1.00000
53777.0	1.00000
52980.0	1.00000
44424.0	1.00000
42283.0	1.00000
44689.0	1.00000
53768.0	1.00000
51325.0	1.00000
49613.0	1.00000
46021.0	1.00000
45940.0	1.00000
48160.0	1.00000
43963.0	1.00000
48593.0	1.00000
52897.0	1.00000
49462.0	1.00000
45839.0	1.00000
50755.0	1.00000
39308.0	1.00000
45658.0	1.00000
47904.0	1.00000
46776.0	1.00000
48763.0	1.00000
50865.0	1.00000
49263.0	1.00000
52505.0	1.00000
43640.0	1.00000
43141.0	1.00000
51329.0	1.00000
48569.0	1.00000
47947.0	1.00000
46938.0	1.00000
38657.0	1.00000
43076.0	1.00000
42247.0	1.00000
48427.0	1.00000
52700.0	1.00000
49204.0	1.00000
46693.0	1.00000
48385.0	1.00000
46736.0	1.00000
52817.0	1.00000
51002.0	1.00000
46008.0	1.00000
49030.0	1.00000
45362.0	1.00000
37629.0	1.00000
47084.0	1.00000
44845.0	1.00000
53651.0	1.00000
48448.0	1.00000
43974.0	1.00000
48356.0	1.00000
42685.0	1.00000
44363.0	1.00000
50371.0	1.00000
51503.0	1.00000
49334.0	1.00000
46863.0	1.00000
41588.0	1.00000
51067.0	1.00000
48682.0	1.00000
46699.0	1.00000
49670.0	1.00000
46587.0	1.00000
39865.0	1.00000
46396.0	1.00000
46956.0	1.00000
47632.0	1.00000
47322.0	1.00000
48444.0	1.00000
41012.0	1.00000
44450.0	1.00000
53294.0	1.00000
41122.0	1.00000
54566.0	1.00000
45035.0	1.00000
49114.0	1.00000
53444.0	1.00000
48642.0	1.00000
45954.0	1.00000
43917.0	1.00000
43216.0	1.00000
49421.0	1.00000
48401.0	1.00000
42725.0	1.00000
54409.0	1.00000
46440.0	1.00000
42803.0	1.00000
44853.0	1.00000
57218.0	1.00000
45488.0	1.00000
45317.0	1.00000
49608.0	1.00000
51092.0	1.00000
46134.0	1.00000
40721.0	1.00000
47986.0	1.00000
51053.0	1.00000
53562.0	1.00000
53264.0	1.00000
57450.0	1.00000
45214.0	1.00000
50398.0	1.00000
45208.0	1.00000
56197.0	1.00000
46223.0	1.00000
45827.0	1.00000
55713.0	1.00000
50377.0	1.00000
47075.0	1.00000
44499.0	1.00000
44836.0	1.00000
49546.0	1.00000
46260.0	1.00000
48384.0	1.00000
47296.0	1.00000
42216.0	1.00000
49264.0	1.00000
43316.0	1.00000
53115.0	1.00000
50068.0	1.00000
54111.0	1.00000
54632.0	1.00000
45820.0	1.00000
42653.0	1.00000
46138.0	1.00000
45754.0	1.00000
45044.0	1.00000
47887.0	1.00000
44031.0	1.00000
50307.0	1.00000
44114.0	1.00000
48272.0	1.00000
49958.0	1.00000
45567.0	1.00000
45236.0	1.00000
50318.0	1.00000
42949.0	1.00000
49758.0	1.00000
45979.0	1.00000
39277.0	1.00000
46194.0	1.00000
45952.0	1.00000
50327.0	1.00000
40641.0	1.00000
47119.0	1.00000
42986.0	1.00000
44991.0	1.00000
48834.0	1.00000
53028.0	1.00000
45871.0	1.00000
43083.0	1.00000
49481.0	1.00000
44918.0	1.00000
50352.0	1.00000
45621.0	1.00000
38548.0	1.00000
44854.0	1.00000
40739.0	1.00000
48677.0	1.00000
42483.0	1.00000
52557.0	1.00000
60269.0	1.00000
45669.0	1.00000
46802.0	1.00000
47861.0	1.00000
50562.0	1.00000
46757.0	1.00000
44263.0	1.00000
47544.0	1.00000
45549.0	1.00000
50849.0	1.00000
47482.0	1.00000
43748.0	1.00000
50219.0	1.00000
50143.0	1.00000
42050.0	1.00000
46913.0	1.00000
46357.0	1.00000
51609.0	1.00000
51200.0	1.00000
53059.0	1.00000
48985.0	1.00000
47865.0	1.00000
52077.0	1.00000
50645.0	1.00000
47482.0	1.00000
46899.0	1.00000
49557.0	1.00000
46888.0	1.00000
46450.0	1.00000
50007.0	1.00000
39659.0	1.00000
42236.0	1.00000
44520.0	1.00000
57945.0	1.00000
44593.0	1.00000
45326.0	1.00000
46288.0	1.00000
52005.0	1.00000
51123.0	1.00000
54954.0	1.00000
46895.0	1.00000
52788.0	1.00000
43580.0	1.00000
42945.0	1.00000
46932.0	1.00000
48039.0	1.00000
46940.0	1.00000
53346.0	1.00000
42768.0	1.00000
50689.0	1.00000
46135.0	1.00000
42938.0	1.00000
47989.0	1.00000
45957.0	1.00000
44508.0	1.00000
43704.0	1.00000
56292.0	1.00000
43669.0	1.00000
52022.0	1.00000
50047.0	1.00000
55224.0	1.00000
51651.0	1.00000
43992.0	1.00000
39865.0	1.00000
49438.0	1.00000
48110.0	1.00000
48644.0	1.00000
51544.0	1.00000
46012.0	1.00000
45726.0	1.00000
52763.0	1.00000
57045.0	1.00000
52657.0	1.00000
44708.0	1.00000
39910.0	1.00000
40260.0	1.00000
47189.0	1.00000
42606.0	1.00000
47375.0	1.00000
48566.0	1.00000
45278.0	1.00000
50501.0	1.00000
49395.0	1.00000
45249.0	1.00000
48358.0	1.00000
47719.0	1.00000
52202.0	1.00000
58084.0	1.00000
52440.0	1.00000
41722.0	1.00000
58737.0	1.00000
48520.0	1.00000
45467.0	1.00000
47150.0	1.00000
50380.0	1.00000
48338.0	1.00000
49108.0	1.00000
49058.0	1.00000
53866.0	1.00000
47738.0	1.00000
43059.0	1.00000
49164.0	1.00000
48338.0	1.00000
50559.0	1.00000
47760.0	1.00000
44065.0	1.00000
46993.0	1.00000
42978.0	1.00000
50247.0	1.00000
45081.0	1.00000
52175.0	1.00000
45369.0	1.00000
50694.0	1.00000
49847.0	1.00000
40814.0	1.00000
53253.0	1.00000
48092.0	1.00000
41221.0	1.00000
42433.0	1.00000
48255.0	1.00000
49439.0	1.00000
44183.0	1.00000
48114.0	1.00000
41904.0	1.00000
51576.0	1.00000
51271.0	1.00000
55653.0	1.00000
48226.0	1.00000
51155.0	1.00000
42087.0	1.00000
46726.0	1.00000
46244.0	1.00000
42827.0	1.00000
48104.0	1.00000
48705.0	1.00000
46131.0	1.00000
42571.0	1.00000
47153.0	1.00000
51436.0	1.00000
48575.0	1.00000
49685.0	1.00000
43554.0	1.00000
49393.0	1.00000
47773.0	1.00000
46771.0	1.00000
45674.0	1.00000
41322.0	1.00000
47686.0	1.00000
53509.0	1.00000
50860.0	1.00000
47992.0	1.00000
49901.0	1.00000
52630.0	1.00000
47723.0	1.00000
51630.0	1.00000
45112.0	1.00000
49141.0	1.00000
50976.0	1.00000
52772.0	1.00000
45221.0	1.00000
45968.0	1.00000
46481.0	1.00000
49051.0	1.00000
45370.0	1.00000
43900.0	1.00000
48338.0	1.00000
45489.0	1.00000
48569.0	1.00000
46040.0	1.00000
50982.0	1.00000
43279.0	1.00000
42309.0	1.00000
50873.0	1.00000
45879.0	1.00000
56405.0	1.00000
50487.0	1.00000
49482.0	1.00000
45240.0	1.00000
50844.0	1.00000
55287.0	1.00000
46008.0	1.00000
44131.0	1.00000
46027.0	1.00000
41078.0	1.00000
51303.0	1.00000
53207.0	1.00000
52146.0	1.00000
48178.0	1.00000
41569.0	1.00000
42928.0	1.00000
50037.0	1.00000
49557.0	1.00000
44055.0	1.00000
48584.0	1.00000
50672.0	1.00000
43036.0	1.00000
47243.0	1.00000
47391.0	1.00000
44181.0	1.00000
41726.0	1.00000
46925.0	1.00000
46141.0	1.00000
42407.0	1.00000
45638.0	1.00000
43313.0	1.00000
56743.0	1.00000
53813.0	1.00000
45064.0	1.00000
43586.0	1.00000
53036.0	1.00000
43820.0	1.00000
44796.0	1.00000
50637.0	1.00000
44428.0	1.00000
49514.0	1.00000
45726.0	1.00000
41505.0	1.00000
45522.0	1.00000
40567.0	1.00000
43809.0	1.00000
48395.0	1.00000
48266.0	1.00000
48001.0	1.00000
50952.0	1.00000
44875.0	1.00000
51660.0	1.00000
46371.0	1.00000
44380.0	1.00000
50759.0	1.00000
46222.0	1.00000
46650.0	1.00000
43776.0	1.00000
49626.0	1.00000
47777.0	1.00000
52792.0	1.00000
43000.0	1.00000
58826.0	1.00000
51353.0	1.00000
52095.0	1.00000
48559.0	1.00000
48049.0	1.00000
46855.0	1.00000
47236.0	1.00000
50012.0	1.00000
44358.0	1.00000
51583.0	1.00000
44899.0	1.00000
42258.0	1.00000
45905.0	1.00000
52066.0	1.00000
55351.0	1.00000
52240.0	1.00000
45665.0	1.00000
48297.0	1.00000
54782.0	1.00000
54798.0	1.00000
46794.0	1.00000
51411.0	1.00000
49864.0	1.00000
50856.0	1.00000
50133.0	1.00000
51507.0	1.00000
45888.0	1.00000
50486.0	1.00000
48159.0	1.00000
43253.0	1.00000
42934.0	1.00000
57007.0	1.00000
50228.0	1.00000
46374.0	1.00000
54364.0	1.00000
54717.0	1.00000
56188.0	1.00000
44732.0	1.00000
43549.0	1.00000
50048.0	1.00000
52615.0	1.00000
48873.0	1.00000
44916.0	1.00000
39680.0	1.00000
47791.0	1.00000
42986.0	1.00000
48204.0	1.00000
47530.0	1.00000
46258.0	1.00000
48145.0	1.00000
54453.0	1.00000
56736.0	1.00000
43217.0	1.00000
48222.0	1.00000
46219.0	1.00000
38351.0	1.00000
49758.0	1.00000
43835.0	1.00000
48461.0	1.00000
41314.0	1.00000
41323.0	1.00000
46215.0	1.00000
43167.0	1.00000
48232.0	1.00000
45418.0	1.00000
51864.0	1.00000
49770.0	1.00000
40560.0	1.00000
45528.0	1.00000
46346.0	1.00000
45916.0	1.00000
46639.0	1.00000
42815.0	1.00000
41682.0	1.00000
47249.0	1.00000
48936.0	1.00000
46600.0	1.00000
50758.0	1.00000
53309.0	1.00000
50577.0	1.00000
49191.0	1.00000
40423.0	1.00000
